This is pdfTeX, Version 3.14159265-2.6-1.40.16 (TeX Live 2015) (preloaded format=pdflatex 2016.1.23)  16 NOV 2016 09:02
entering extended mode
 restricted \write18 enabled.
 %&-line parsing enabled.
**project4.tex
(./project4.tex
LaTeX2e <2015/01/01>
Babel <3.9l> and hyphenation patterns for 79 languages loaded.
(/usr/local/texlive/2015/texmf-dist/tex/latex/base/article.cls
Document Class: article 2014/09/29 v1.4h Standard LaTeX document class
(/usr/local/texlive/2015/texmf-dist/tex/latex/base/size12.clo
File: size12.clo 2014/09/29 v1.4h Standard LaTeX file (size option)
)
\c@part=\count79
\c@section=\count80
\c@subsection=\count81
\c@subsubsection=\count82
\c@paragraph=\count83
\c@subparagraph=\count84
\c@figure=\count85
\c@table=\count86
\abovecaptionskip=\skip41
\belowcaptionskip=\skip42
\bibindent=\dimen102
)
(/usr/local/texlive/2015/texmf-dist/tex/latex/relsize/relsize.sty
Package: relsize 2013/03/29 ver 4.1
)
(/usr/local/texlive/2015/texmf-dist/tex/latex/setspace/setspace.sty
Package: setspace 2011/12/19 v6.7a set line spacing
)
(/usr/local/texlive/2015/texmf-dist/tex/latex/amsmath/amsmath.sty
Package: amsmath 2013/01/14 v2.14 AMS math features
\@mathmargin=\skip43

For additional information on amsmath, use the `?' option.
(/usr/local/texlive/2015/texmf-dist/tex/latex/amsmath/amstext.sty
Package: amstext 2000/06/29 v2.01

(/usr/local/texlive/2015/texmf-dist/tex/latex/amsmath/amsgen.sty
File: amsgen.sty 1999/11/30 v2.0
\@emptytoks=\toks14
\ex@=\dimen103
))
(/usr/local/texlive/2015/texmf-dist/tex/latex/amsmath/amsbsy.sty
Package: amsbsy 1999/11/29 v1.2d
\pmbraise@=\dimen104
)
(/usr/local/texlive/2015/texmf-dist/tex/latex/amsmath/amsopn.sty
Package: amsopn 1999/12/14 v2.01 operator names
)
\inf@bad=\count87
LaTeX Info: Redefining \frac on input line 210.
\uproot@=\count88
\leftroot@=\count89
LaTeX Info: Redefining \overline on input line 306.
\classnum@=\count90
\DOTSCASE@=\count91
LaTeX Info: Redefining \ldots on input line 378.
LaTeX Info: Redefining \dots on input line 381.
LaTeX Info: Redefining \cdots on input line 466.
\Mathstrutbox@=\box26
\strutbox@=\box27
\big@size=\dimen105
LaTeX Font Info:    Redeclaring font encoding OML on input line 566.
LaTeX Font Info:    Redeclaring font encoding OMS on input line 567.
\macc@depth=\count92
\c@MaxMatrixCols=\count93
\dotsspace@=\muskip10
\c@parentequation=\count94
\dspbrk@lvl=\count95
\tag@help=\toks15
\row@=\count96
\column@=\count97
\maxfields@=\count98
\andhelp@=\toks16
\eqnshift@=\dimen106
\alignsep@=\dimen107
\tagshift@=\dimen108
\tagwidth@=\dimen109
\totwidth@=\dimen110
\lineht@=\dimen111
\@envbody=\toks17
\multlinegap=\skip44
\multlinetaggap=\skip45
\mathdisplay@stack=\toks18
LaTeX Info: Redefining \[ on input line 2665.
LaTeX Info: Redefining \] on input line 2666.
)
(/usr/local/texlive/2015/texmf-dist/tex/latex/amscls/amsthm.sty
Package: amsthm 2015/03/04 v2.20.2
\thm@style=\toks19
\thm@bodyfont=\toks20
\thm@headfont=\toks21
\thm@notefont=\toks22
\thm@headpunct=\toks23
\thm@preskip=\skip46
\thm@postskip=\skip47
\thm@headsep=\skip48
\dth@everypar=\toks24
)
(/usr/local/texlive/2015/texmf-dist/tex/latex/amsfonts/amssymb.sty
Package: amssymb 2013/01/14 v3.01 AMS font symbols

(/usr/local/texlive/2015/texmf-dist/tex/latex/amsfonts/amsfonts.sty
Package: amsfonts 2013/01/14 v3.01 Basic AMSFonts support
\symAMSa=\mathgroup4
\symAMSb=\mathgroup5
LaTeX Font Info:    Overwriting math alphabet `\mathfrak' in version `bold'
(Font)                  U/euf/m/n --> U/euf/b/n on input line 106.
))
(/usr/local/texlive/2015/texmf-dist/tex/latex/base/inputenc.sty
Package: inputenc 2015/03/17 v1.2c Input encoding file
\inpenc@prehook=\toks25
\inpenc@posthook=\toks26

(/usr/local/texlive/2015/texmf-dist/tex/latex/base/utf8.def
File: utf8.def 2014/09/29 v1.1m UTF-8 support for inputenc
Now handling font encoding OML ...
... no UTF-8 mapping file for font encoding OML
Now handling font encoding T1 ...
... processing UTF-8 mapping file for font encoding T1

(/usr/local/texlive/2015/texmf-dist/tex/latex/base/t1enc.dfu
File: t1enc.dfu 2014/09/29 v1.1m UTF-8 support for inputenc
   defining Unicode char U+00A1 (decimal 161)
   defining Unicode char U+00A3 (decimal 163)
   defining Unicode char U+00AB (decimal 171)
   defining Unicode char U+00BB (decimal 187)
   defining Unicode char U+00BF (decimal 191)
   defining Unicode char U+00C0 (decimal 192)
   defining Unicode char U+00C1 (decimal 193)
   defining Unicode char U+00C2 (decimal 194)
   defining Unicode char U+00C3 (decimal 195)
   defining Unicode char U+00C4 (decimal 196)
   defining Unicode char U+00C5 (decimal 197)
   defining Unicode char U+00C6 (decimal 198)
   defining Unicode char U+00C7 (decimal 199)
   defining Unicode char U+00C8 (decimal 200)
   defining Unicode char U+00C9 (decimal 201)
   defining Unicode char U+00CA (decimal 202)
   defining Unicode char U+00CB (decimal 203)
   defining Unicode char U+00CC (decimal 204)
   defining Unicode char U+00CD (decimal 205)
   defining Unicode char U+00CE (decimal 206)
   defining Unicode char U+00CF (decimal 207)
   defining Unicode char U+00D0 (decimal 208)
   defining Unicode char U+00D1 (decimal 209)
   defining Unicode char U+00D2 (decimal 210)
   defining Unicode char U+00D3 (decimal 211)
   defining Unicode char U+00D4 (decimal 212)
   defining Unicode char U+00D5 (decimal 213)
   defining Unicode char U+00D6 (decimal 214)
   defining Unicode char U+00D8 (decimal 216)
   defining Unicode char U+00D9 (decimal 217)
   defining Unicode char U+00DA (decimal 218)
   defining Unicode char U+00DB (decimal 219)
   defining Unicode char U+00DC (decimal 220)
   defining Unicode char U+00DD (decimal 221)
   defining Unicode char U+00DE (decimal 222)
   defining Unicode char U+00DF (decimal 223)
   defining Unicode char U+00E0 (decimal 224)
   defining Unicode char U+00E1 (decimal 225)
   defining Unicode char U+00E2 (decimal 226)
   defining Unicode char U+00E3 (decimal 227)
   defining Unicode char U+00E4 (decimal 228)
   defining Unicode char U+00E5 (decimal 229)
   defining Unicode char U+00E6 (decimal 230)
   defining Unicode char U+00E7 (decimal 231)
   defining Unicode char U+00E8 (decimal 232)
   defining Unicode char U+00E9 (decimal 233)
   defining Unicode char U+00EA (decimal 234)
   defining Unicode char U+00EB (decimal 235)
   defining Unicode char U+00EC (decimal 236)
   defining Unicode char U+00ED (decimal 237)
   defining Unicode char U+00EE (decimal 238)
   defining Unicode char U+00EF (decimal 239)
   defining Unicode char U+00F0 (decimal 240)
   defining Unicode char U+00F1 (decimal 241)
   defining Unicode char U+00F2 (decimal 242)
   defining Unicode char U+00F3 (decimal 243)
   defining Unicode char U+00F4 (decimal 244)
   defining Unicode char U+00F5 (decimal 245)
   defining Unicode char U+00F6 (decimal 246)
   defining Unicode char U+00F8 (decimal 248)
   defining Unicode char U+00F9 (decimal 249)
   defining Unicode char U+00FA (decimal 250)
   defining Unicode char U+00FB (decimal 251)
   defining Unicode char U+00FC (decimal 252)
   defining Unicode char U+00FD (decimal 253)
   defining Unicode char U+00FE (decimal 254)
   defining Unicode char U+00FF (decimal 255)
   defining Unicode char U+0102 (decimal 258)
   defining Unicode char U+0103 (decimal 259)
   defining Unicode char U+0104 (decimal 260)
   defining Unicode char U+0105 (decimal 261)
   defining Unicode char U+0106 (decimal 262)
   defining Unicode char U+0107 (decimal 263)
   defining Unicode char U+010C (decimal 268)
   defining Unicode char U+010D (decimal 269)
   defining Unicode char U+010E (decimal 270)
   defining Unicode char U+010F (decimal 271)
   defining Unicode char U+0110 (decimal 272)
   defining Unicode char U+0111 (decimal 273)
   defining Unicode char U+0118 (decimal 280)
   defining Unicode char U+0119 (decimal 281)
   defining Unicode char U+011A (decimal 282)
   defining Unicode char U+011B (decimal 283)
   defining Unicode char U+011E (decimal 286)
   defining Unicode char U+011F (decimal 287)
   defining Unicode char U+0130 (decimal 304)
   defining Unicode char U+0131 (decimal 305)
   defining Unicode char U+0132 (decimal 306)
   defining Unicode char U+0133 (decimal 307)
   defining Unicode char U+0139 (decimal 313)
   defining Unicode char U+013A (decimal 314)
   defining Unicode char U+013D (decimal 317)
   defining Unicode char U+013E (decimal 318)
   defining Unicode char U+0141 (decimal 321)
   defining Unicode char U+0142 (decimal 322)
   defining Unicode char U+0143 (decimal 323)
   defining Unicode char U+0144 (decimal 324)
   defining Unicode char U+0147 (decimal 327)
   defining Unicode char U+0148 (decimal 328)
   defining Unicode char U+014A (decimal 330)
   defining Unicode char U+014B (decimal 331)
   defining Unicode char U+0150 (decimal 336)
   defining Unicode char U+0151 (decimal 337)
   defining Unicode char U+0152 (decimal 338)
   defining Unicode char U+0153 (decimal 339)
   defining Unicode char U+0154 (decimal 340)
   defining Unicode char U+0155 (decimal 341)
   defining Unicode char U+0158 (decimal 344)
   defining Unicode char U+0159 (decimal 345)
   defining Unicode char U+015A (decimal 346)
   defining Unicode char U+015B (decimal 347)
   defining Unicode char U+015E (decimal 350)
   defining Unicode char U+015F (decimal 351)
   defining Unicode char U+0160 (decimal 352)
   defining Unicode char U+0161 (decimal 353)
   defining Unicode char U+0162 (decimal 354)
   defining Unicode char U+0163 (decimal 355)
   defining Unicode char U+0164 (decimal 356)
   defining Unicode char U+0165 (decimal 357)
   defining Unicode char U+016E (decimal 366)
   defining Unicode char U+016F (decimal 367)
   defining Unicode char U+0170 (decimal 368)
   defining Unicode char U+0171 (decimal 369)
   defining Unicode char U+0178 (decimal 376)
   defining Unicode char U+0179 (decimal 377)
   defining Unicode char U+017A (decimal 378)
   defining Unicode char U+017B (decimal 379)
   defining Unicode char U+017C (decimal 380)
   defining Unicode char U+017D (decimal 381)
   defining Unicode char U+017E (decimal 382)
   defining Unicode char U+200C (decimal 8204)
   defining Unicode char U+2013 (decimal 8211)
   defining Unicode char U+2014 (decimal 8212)
   defining Unicode char U+2018 (decimal 8216)
   defining Unicode char U+2019 (decimal 8217)
   defining Unicode char U+201A (decimal 8218)
   defining Unicode char U+201C (decimal 8220)
   defining Unicode char U+201D (decimal 8221)
   defining Unicode char U+201E (decimal 8222)
   defining Unicode char U+2030 (decimal 8240)
   defining Unicode char U+2031 (decimal 8241)
   defining Unicode char U+2039 (decimal 8249)
   defining Unicode char U+203A (decimal 8250)
   defining Unicode char U+2423 (decimal 9251)
)
Now handling font encoding OT1 ...
... processing UTF-8 mapping file for font encoding OT1

(/usr/local/texlive/2015/texmf-dist/tex/latex/base/ot1enc.dfu
File: ot1enc.dfu 2014/09/29 v1.1m UTF-8 support for inputenc
   defining Unicode char U+00A1 (decimal 161)
   defining Unicode char U+00A3 (decimal 163)
   defining Unicode char U+00B8 (decimal 184)
   defining Unicode char U+00BF (decimal 191)
   defining Unicode char U+00C5 (decimal 197)
   defining Unicode char U+00C6 (decimal 198)
   defining Unicode char U+00D8 (decimal 216)
   defining Unicode char U+00DF (decimal 223)
   defining Unicode char U+00E6 (decimal 230)
   defining Unicode char U+00EC (decimal 236)
   defining Unicode char U+00ED (decimal 237)
   defining Unicode char U+00EE (decimal 238)
   defining Unicode char U+00EF (decimal 239)
   defining Unicode char U+00F8 (decimal 248)
   defining Unicode char U+0131 (decimal 305)
   defining Unicode char U+0141 (decimal 321)
   defining Unicode char U+0142 (decimal 322)
   defining Unicode char U+0152 (decimal 338)
   defining Unicode char U+0153 (decimal 339)
   defining Unicode char U+2013 (decimal 8211)
   defining Unicode char U+2014 (decimal 8212)
   defining Unicode char U+2018 (decimal 8216)
   defining Unicode char U+2019 (decimal 8217)
   defining Unicode char U+201C (decimal 8220)
   defining Unicode char U+201D (decimal 8221)
)
Now handling font encoding OMS ...
... processing UTF-8 mapping file for font encoding OMS

(/usr/local/texlive/2015/texmf-dist/tex/latex/base/omsenc.dfu
File: omsenc.dfu 2014/09/29 v1.1m UTF-8 support for inputenc
   defining Unicode char U+00A7 (decimal 167)
   defining Unicode char U+00B6 (decimal 182)
   defining Unicode char U+00B7 (decimal 183)
   defining Unicode char U+2020 (decimal 8224)
   defining Unicode char U+2021 (decimal 8225)
   defining Unicode char U+2022 (decimal 8226)
)
Now handling font encoding OMX ...
... no UTF-8 mapping file for font encoding OMX
Now handling font encoding U ...
... no UTF-8 mapping file for font encoding U
   defining Unicode char U+00A9 (decimal 169)
   defining Unicode char U+00AA (decimal 170)
   defining Unicode char U+00AE (decimal 174)
   defining Unicode char U+00BA (decimal 186)
   defining Unicode char U+02C6 (decimal 710)
   defining Unicode char U+02DC (decimal 732)
   defining Unicode char U+200C (decimal 8204)
   defining Unicode char U+2026 (decimal 8230)
   defining Unicode char U+2122 (decimal 8482)
   defining Unicode char U+2423 (decimal 9251)
))
(/usr/local/texlive/2015/texmf-dist/tex/latex/base/fontenc.sty
Package: fontenc 2005/09/27 v1.99g Standard LaTeX package

(/usr/local/texlive/2015/texmf-dist/tex/latex/base/t1enc.def
File: t1enc.def 2005/09/27 v1.99g Standard LaTeX file
LaTeX Font Info:    Redeclaring font encoding T1 on input line 48.
))
(/usr/local/texlive/2015/texmf-dist/tex/latex/geometry/geometry.sty
Package: geometry 2010/09/12 v5.6 Page Geometry

(/usr/local/texlive/2015/texmf-dist/tex/latex/graphics/keyval.sty
Package: keyval 2014/10/28 v1.15 key=value parser (DPC)
\KV@toks@=\toks27
)
(/usr/local/texlive/2015/texmf-dist/tex/generic/oberdiek/ifpdf.sty
Package: ifpdf 2011/01/30 v2.3 Provides the ifpdf switch (HO)
Package ifpdf Info: pdfTeX in PDF mode is detected.
)
(/usr/local/texlive/2015/texmf-dist/tex/generic/oberdiek/ifvtex.sty
Package: ifvtex 2010/03/01 v1.5 Detect VTeX and its facilities (HO)
Package ifvtex Info: VTeX not detected.
)
(/usr/local/texlive/2015/texmf-dist/tex/generic/ifxetex/ifxetex.sty
Package: ifxetex 2010/09/12 v0.6 Provides ifxetex conditional
)
\Gm@cnth=\count99
\Gm@cntv=\count100
\c@Gm@tempcnt=\count101
\Gm@bindingoffset=\dimen112
\Gm@wd@mp=\dimen113
\Gm@odd@mp=\dimen114
\Gm@even@mp=\dimen115
\Gm@layoutwidth=\dimen116
\Gm@layoutheight=\dimen117
\Gm@layouthoffset=\dimen118
\Gm@layoutvoffset=\dimen119
\Gm@dimlist=\toks28
)
(/usr/local/texlive/2015/texmf-dist/tex/latex/abstract/abstract.sty
Package: abstract 2009/06/08 v1.2a configurable abstracts
\abstitleskip=\skip49
\absleftindent=\skip50
\absrightindent=\skip51
\absparindent=\skip52
\absparsep=\skip53
)
(/usr/local/texlive/2015/texmf-dist/tex/latex/hyperref/hyperref.sty
Package: hyperref 2012/11/06 v6.83m Hypertext links for LaTeX

(/usr/local/texlive/2015/texmf-dist/tex/generic/oberdiek/hobsub-hyperref.sty
Package: hobsub-hyperref 2012/05/28 v1.13 Bundle oberdiek, subset hyperref (HO)


(/usr/local/texlive/2015/texmf-dist/tex/generic/oberdiek/hobsub-generic.sty
Package: hobsub-generic 2012/05/28 v1.13 Bundle oberdiek, subset generic (HO)
Package: hobsub 2012/05/28 v1.13 Construct package bundles (HO)
Package: infwarerr 2010/04/08 v1.3 Providing info/warning/error messages (HO)
Package: ltxcmds 2011/11/09 v1.22 LaTeX kernel commands for general use (HO)
Package: ifluatex 2010/03/01 v1.3 Provides the ifluatex switch (HO)
Package ifluatex Info: LuaTeX not detected.
Package hobsub Info: Skipping package `ifvtex' (already loaded).
Package: intcalc 2007/09/27 v1.1 Expandable calculations with integers (HO)
Package hobsub Info: Skipping package `ifpdf' (already loaded).
Package: etexcmds 2011/02/16 v1.5 Avoid name clashes with e-TeX commands (HO)
Package etexcmds Info: Could not find \expanded.
(etexcmds)             That can mean that you are not using pdfTeX 1.50 or
(etexcmds)             that some package has redefined \expanded.
(etexcmds)             In the latter case, load this package earlier.
Package: kvsetkeys 2012/04/25 v1.16 Key value parser (HO)
Package: kvdefinekeys 2011/04/07 v1.3 Define keys (HO)
Package: pdftexcmds 2011/11/29 v0.20 Utility functions of pdfTeX for LuaTeX (HO
)
Package pdftexcmds Info: LuaTeX not detected.
Package pdftexcmds Info: \pdf@primitive is available.
Package pdftexcmds Info: \pdf@ifprimitive is available.
Package pdftexcmds Info: \pdfdraftmode found.
Package: pdfescape 2011/11/25 v1.13 Implements pdfTeX's escape features (HO)
Package: bigintcalc 2012/04/08 v1.3 Expandable calculations on big integers (HO
)
Package: bitset 2011/01/30 v1.1 Handle bit-vector datatype (HO)
Package: uniquecounter 2011/01/30 v1.2 Provide unlimited unique counter (HO)
)
Package hobsub Info: Skipping package `hobsub' (already loaded).
Package: letltxmacro 2010/09/02 v1.4 Let assignment for LaTeX macros (HO)
Package: hopatch 2012/05/28 v1.2 Wrapper for package hooks (HO)
Package: xcolor-patch 2011/01/30 xcolor patch
Package: atveryend 2011/06/30 v1.8 Hooks at the very end of document (HO)
Package atveryend Info: \enddocument detected (standard20110627).
Package: atbegshi 2011/10/05 v1.16 At begin shipout hook (HO)
Package: refcount 2011/10/16 v3.4 Data extraction from label references (HO)
Package: hycolor 2011/01/30 v1.7 Color options for hyperref/bookmark (HO)
)
(/usr/local/texlive/2015/texmf-dist/tex/latex/oberdiek/auxhook.sty
Package: auxhook 2011/03/04 v1.3 Hooks for auxiliary files (HO)
)
(/usr/local/texlive/2015/texmf-dist/tex/latex/oberdiek/kvoptions.sty
Package: kvoptions 2011/06/30 v3.11 Key value format for package options (HO)
)
\@linkdim=\dimen120
\Hy@linkcounter=\count102
\Hy@pagecounter=\count103

(/usr/local/texlive/2015/texmf-dist/tex/latex/hyperref/pd1enc.def
File: pd1enc.def 2012/11/06 v6.83m Hyperref: PDFDocEncoding definition (HO)
Now handling font encoding PD1 ...
... no UTF-8 mapping file for font encoding PD1
)
\Hy@SavedSpaceFactor=\count104

(/usr/local/texlive/2015/texmf-dist/tex/latex/latexconfig/hyperref.cfg
File: hyperref.cfg 2002/06/06 v1.2 hyperref configuration of TeXLive
)
Package hyperref Info: Hyper figures OFF on input line 4443.
Package hyperref Info: Link nesting OFF on input line 4448.
Package hyperref Info: Hyper index ON on input line 4451.
Package hyperref Info: Plain pages OFF on input line 4458.
Package hyperref Info: Backreferencing OFF on input line 4463.
Package hyperref Info: Implicit mode ON; LaTeX internals redefined.
Package hyperref Info: Bookmarks ON on input line 4688.
\c@Hy@tempcnt=\count105

(/usr/local/texlive/2015/texmf-dist/tex/latex/url/url.sty
\Urlmuskip=\muskip11
Package: url 2013/09/16  ver 3.4  Verb mode for urls, etc.
)
LaTeX Info: Redefining \url on input line 5041.
\XeTeXLinkMargin=\dimen121
\Fld@menulength=\count106
\Field@Width=\dimen122
\Fld@charsize=\dimen123
Package hyperref Info: Hyper figures OFF on input line 6295.
Package hyperref Info: Link nesting OFF on input line 6300.
Package hyperref Info: Hyper index ON on input line 6303.
Package hyperref Info: backreferencing OFF on input line 6310.
Package hyperref Info: Link coloring OFF on input line 6315.
Package hyperref Info: Link coloring with OCG OFF on input line 6320.
Package hyperref Info: PDF/A mode OFF on input line 6325.
LaTeX Info: Redefining \ref on input line 6365.
LaTeX Info: Redefining \pageref on input line 6369.
\Hy@abspage=\count107
\c@Item=\count108
\c@Hfootnote=\count109
)

Package hyperref Message: Driver (autodetected): hpdftex.

(/usr/local/texlive/2015/texmf-dist/tex/latex/hyperref/hpdftex.def
File: hpdftex.def 2012/11/06 v6.83m Hyperref driver for pdfTeX
\Fld@listcount=\count110
\c@bookmark@seq@number=\count111

(/usr/local/texlive/2015/texmf-dist/tex/latex/oberdiek/rerunfilecheck.sty
Package: rerunfilecheck 2011/04/15 v1.7 Rerun checks for auxiliary files (HO)
Package uniquecounter Info: New unique counter `rerunfilecheck' on input line 2
82.
)
\Hy@SectionHShift=\skip54
)
(/usr/local/texlive/2015/texmf-dist/tex/latex/graphics/graphicx.sty
Package: graphicx 2014/10/28 v1.0g Enhanced LaTeX Graphics (DPC,SPQR)

(/usr/local/texlive/2015/texmf-dist/tex/latex/graphics/graphics.sty
Package: graphics 2014/10/28 v1.0p Standard LaTeX Graphics (DPC,SPQR)

(/usr/local/texlive/2015/texmf-dist/tex/latex/graphics/trig.sty
Package: trig 1999/03/16 v1.09 sin cos tan (DPC)
)
(/usr/local/texlive/2015/texmf-dist/tex/latex/latexconfig/graphics.cfg
File: graphics.cfg 2010/04/23 v1.9 graphics configuration of TeX Live
)
Package graphics Info: Driver file: pdftex.def on input line 94.

(/usr/local/texlive/2015/texmf-dist/tex/latex/pdftex-def/pdftex.def
File: pdftex.def 2011/05/27 v0.06d Graphics/color for pdfTeX
\Gread@gobject=\count112
))
\Gin@req@height=\dimen124
\Gin@req@width=\dimen125
)
(/usr/local/texlive/2015/texmf-dist/tex/latex/wrapfig/wrapfig.sty
\wrapoverhang=\dimen126
\WF@size=\dimen127
\c@WF@wrappedlines=\count113
\WF@box=\box28
\WF@everypar=\toks29
Package: wrapfig 2003/01/31  v 3.6
)
(/usr/local/texlive/2015/texmf-dist/tex/latex/lipsum/lipsum.sty
Package: lipsum 2014/07/27 v1.3 150 paragraphs of Lorem Ipsum dummy text
\c@lips@count=\count114
)
(/usr/local/texlive/2015/texmf-dist/tex/latex/booktabs/booktabs.sty
Package: booktabs 2005/04/14 v1.61803 publication quality tables
\heavyrulewidth=\dimen128
\lightrulewidth=\dimen129
\cmidrulewidth=\dimen130
\belowrulesep=\dimen131
\belowbottomsep=\dimen132
\aboverulesep=\dimen133
\abovetopsep=\dimen134
\cmidrulesep=\dimen135
\cmidrulekern=\dimen136
\defaultaddspace=\dimen137
\@cmidla=\count115
\@cmidlb=\count116
\@aboverulesep=\dimen138
\@belowrulesep=\dimen139
\@thisruleclass=\count117
\@lastruleclass=\count118
\@thisrulewidth=\dimen140
)
(/usr/local/texlive/2015/texmf-dist/tex/latex/jknapltx/mathrsfs.sty
Package: mathrsfs 1996/01/01 Math RSFS package v1.0 (jk)
\symrsfs=\mathgroup6
)
(/usr/local/texlive/2015/texmf-dist/tex/latex/listings/listings.sty
\lst@mode=\count119
\lst@gtempboxa=\box29
\lst@token=\toks30
\lst@length=\count120
\lst@currlwidth=\dimen141
\lst@column=\count121
\lst@pos=\count122
\lst@lostspace=\dimen142
\lst@width=\dimen143
\lst@newlines=\count123
\lst@lineno=\count124
\lst@maxwidth=\dimen144

(/usr/local/texlive/2015/texmf-dist/tex/latex/listings/lstmisc.sty
File: lstmisc.sty 2014/09/06 1.5e (Carsten Heinz)
\c@lstnumber=\count125
\lst@skipnumbers=\count126
\lst@framebox=\box30
)
(/usr/local/texlive/2015/texmf-dist/tex/latex/listings/listings.cfg
File: listings.cfg 2014/09/06 1.5e listings configuration
))
Package: listings 2014/09/06 1.5e (Carsten Heinz)

(/usr/local/texlive/2015/texmf-dist/tex/latex/fancyhdr/fancyhdr.sty
\fancy@headwidth=\skip55
\f@ncyO@elh=\skip56
\f@ncyO@erh=\skip57
\f@ncyO@olh=\skip58
\f@ncyO@orh=\skip59
\f@ncyO@elf=\skip60
\f@ncyO@erf=\skip61
\f@ncyO@olf=\skip62
\f@ncyO@orf=\skip63
)
(/usr/local/texlive/2015/texmf-dist/tex/latex/graphics/color.sty
Package: color 2014/10/28 v1.1a Standard LaTeX Color (DPC)

(/usr/local/texlive/2015/texmf-dist/tex/latex/latexconfig/color.cfg
File: color.cfg 2007/01/18 v1.5 color configuration of teTeX/TeXLive
)
Package color Info: Driver file: pdftex.def on input line 142.
)
(/usr/local/texlive/2015/texmf-dist/tex/latex/lastpage/lastpage.sty
Package: lastpage 2015/03/29 v1.2m Refers to last page's name (HMM; JPG)
)
(/usr/local/texlive/2015/texmf-dist/tex/latex/tools/multicol.sty
Package: multicol 2015/03/31 v1.8m multicolumn formatting (FMi)
\c@tracingmulticols=\count127
\mult@box=\box31
\multicol@leftmargin=\dimen145
\c@unbalance=\count128
\c@collectmore=\count129
\doublecol@number=\count130
\multicoltolerance=\count131
\multicolpretolerance=\count132
\full@width=\dimen146
\page@free=\dimen147
\premulticols=\dimen148
\postmulticols=\dimen149
\multicolsep=\skip64
\multicolbaselineskip=\skip65
\partial@page=\box32
\last@line=\box33
\maxbalancingoverflow=\dimen150
\mult@rightbox=\box34
\mult@grightbox=\box35
\mult@gfirstbox=\box36
\mult@firstbox=\box37
\@tempa=\box38
\@tempa=\box39
\@tempa=\box40
\@tempa=\box41
\@tempa=\box42
\@tempa=\box43
\@tempa=\box44
\@tempa=\box45
\@tempa=\box46
\@tempa=\box47
\@tempa=\box48
\@tempa=\box49
\@tempa=\box50
\@tempa=\box51
\@tempa=\box52
\@tempa=\box53
\@tempa=\box54
\c@columnbadness=\count133
\c@finalcolumnbadness=\count134
\last@try=\dimen151
\multicolovershoot=\dimen152
\multicolundershoot=\dimen153
\mult@nat@firstbox=\box55
\colbreak@box=\box56
\mc@col@check@num=\count135
)
(/usr/local/texlive/2015/texmf-dist/tex/latex/todonotes/todonotes.sty
Package: todonotes 2012/07/25 .dtx Todonotes source and documentation.
Package: todonotes 2012/07/25

(/usr/local/texlive/2015/texmf-dist/tex/latex/base/ifthen.sty
Package: ifthen 2014/09/29 v1.1c Standard LaTeX ifthen package (DPC)
)
(/usr/local/texlive/2015/texmf-dist/tex/latex/xkeyval/xkeyval.sty
Package: xkeyval 2014/12/03 v2.7a package option processing (HA)

(/usr/local/texlive/2015/texmf-dist/tex/generic/xkeyval/xkeyval.tex
(/usr/local/texlive/2015/texmf-dist/tex/generic/xkeyval/xkvutils.tex
\XKV@toks=\toks31
\XKV@tempa@toks=\toks32
)
\XKV@depth=\count136
File: xkeyval.tex 2014/12/03 v2.7a key=value parser (HA)
))
(/usr/local/texlive/2015/texmf-dist/tex/latex/xcolor/xcolor.sty
Package: xcolor 2007/01/21 v2.11 LaTeX color extensions (UK)

(/usr/local/texlive/2015/texmf-dist/tex/latex/latexconfig/color.cfg
File: color.cfg 2007/01/18 v1.5 color configuration of teTeX/TeXLive
)
Package xcolor Info: Driver file: pdftex.def on input line 225.
LaTeX Info: Redefining \color on input line 702.
Package xcolor Info: Model `cmy' substituted by `cmy0' on input line 1337.
Package xcolor Info: Model `hsb' substituted by `rgb' on input line 1341.
Package xcolor Info: Model `RGB' extended on input line 1353.
Package xcolor Info: Model `HTML' substituted by `rgb' on input line 1355.
Package xcolor Info: Model `Hsb' substituted by `hsb' on input line 1356.
Package xcolor Info: Model `tHsb' substituted by `hsb' on input line 1357.
Package xcolor Info: Model `HSB' substituted by `hsb' on input line 1358.
Package xcolor Info: Model `Gray' substituted by `gray' on input line 1359.
Package xcolor Info: Model `wave' substituted by `hsb' on input line 1360.
)
(/usr/local/texlive/2015/texmf-dist/tex/latex/pgf/frontendlayer/tikz.sty
(/usr/local/texlive/2015/texmf-dist/tex/latex/pgf/basiclayer/pgf.sty
(/usr/local/texlive/2015/texmf-dist/tex/latex/pgf/utilities/pgfrcs.sty
(/usr/local/texlive/2015/texmf-dist/tex/generic/pgf/utilities/pgfutil-common.te
x
\pgfutil@everybye=\toks33
\pgfutil@tempdima=\dimen154
\pgfutil@tempdimb=\dimen155

(/usr/local/texlive/2015/texmf-dist/tex/generic/pgf/utilities/pgfutil-common-li
sts.tex))
(/usr/local/texlive/2015/texmf-dist/tex/generic/pgf/utilities/pgfutil-latex.def
\pgfutil@abb=\box57
(/usr/local/texlive/2015/texmf-dist/tex/latex/ms/everyshi.sty
Package: everyshi 2001/05/15 v3.00 EveryShipout Package (MS)
))
(/usr/local/texlive/2015/texmf-dist/tex/generic/pgf/utilities/pgfrcs.code.tex
Package: pgfrcs 2013/12/20 v3.0.0 (rcs-revision 1.28)
))
Package: pgf 2013/12/18 v3.0.0 (rcs-revision 1.14)
(/usr/local/texlive/2015/texmf-dist/tex/latex/pgf/basiclayer/pgfcore.sty
(/usr/local/texlive/2015/texmf-dist/tex/latex/pgf/systemlayer/pgfsys.sty
(/usr/local/texlive/2015/texmf-dist/tex/generic/pgf/systemlayer/pgfsys.code.tex
Package: pgfsys 2013/11/30 v3.0.0 (rcs-revision 1.47)
(/usr/local/texlive/2015/texmf-dist/tex/generic/pgf/utilities/pgfkeys.code.tex
\pgfkeys@pathtoks=\toks34
\pgfkeys@temptoks=\toks35

(/usr/local/texlive/2015/texmf-dist/tex/generic/pgf/utilities/pgfkeysfiltered.c
ode.tex
\pgfkeys@tmptoks=\toks36
))
\pgf@x=\dimen156
\pgf@y=\dimen157
\pgf@xa=\dimen158
\pgf@ya=\dimen159
\pgf@xb=\dimen160
\pgf@yb=\dimen161
\pgf@xc=\dimen162
\pgf@yc=\dimen163
\w@pgf@writea=\write3
\r@pgf@reada=\read1
\c@pgf@counta=\count137
\c@pgf@countb=\count138
\c@pgf@countc=\count139
\c@pgf@countd=\count140
\t@pgf@toka=\toks37
\t@pgf@tokb=\toks38
\t@pgf@tokc=\toks39

(/usr/local/texlive/2015/texmf-dist/tex/generic/pgf/systemlayer/pgf.cfg
File: pgf.cfg 2008/05/14  (rcs-revision 1.7)
)
Driver file for pgf: pgfsys-pdftex.def

(/usr/local/texlive/2015/texmf-dist/tex/generic/pgf/systemlayer/pgfsys-pdftex.d
ef
File: pgfsys-pdftex.def 2013/07/18  (rcs-revision 1.33)

(/usr/local/texlive/2015/texmf-dist/tex/generic/pgf/systemlayer/pgfsys-common-p
df.def
File: pgfsys-common-pdf.def 2013/10/10  (rcs-revision 1.13)
)))
(/usr/local/texlive/2015/texmf-dist/tex/generic/pgf/systemlayer/pgfsyssoftpath.
code.tex
File: pgfsyssoftpath.code.tex 2013/09/09  (rcs-revision 1.9)
\pgfsyssoftpath@smallbuffer@items=\count141
\pgfsyssoftpath@bigbuffer@items=\count142
)
(/usr/local/texlive/2015/texmf-dist/tex/generic/pgf/systemlayer/pgfsysprotocol.
code.tex
File: pgfsysprotocol.code.tex 2006/10/16  (rcs-revision 1.4)
))
(/usr/local/texlive/2015/texmf-dist/tex/generic/pgf/basiclayer/pgfcore.code.tex
Package: pgfcore 2010/04/11 v3.0.0 (rcs-revision 1.7)
(/usr/local/texlive/2015/texmf-dist/tex/generic/pgf/math/pgfmath.code.tex
(/usr/local/texlive/2015/texmf-dist/tex/generic/pgf/math/pgfmathcalc.code.tex
(/usr/local/texlive/2015/texmf-dist/tex/generic/pgf/math/pgfmathutil.code.tex)
(/usr/local/texlive/2015/texmf-dist/tex/generic/pgf/math/pgfmathparser.code.tex
\pgfmath@dimen=\dimen164
\pgfmath@count=\count143
\pgfmath@box=\box58
\pgfmath@toks=\toks40
\pgfmath@stack@operand=\toks41
\pgfmath@stack@operation=\toks42
)
(/usr/local/texlive/2015/texmf-dist/tex/generic/pgf/math/pgfmathfunctions.code.
tex
(/usr/local/texlive/2015/texmf-dist/tex/generic/pgf/math/pgfmathfunctions.basic
.code.tex)
(/usr/local/texlive/2015/texmf-dist/tex/generic/pgf/math/pgfmathfunctions.trigo
nometric.code.tex)
(/usr/local/texlive/2015/texmf-dist/tex/generic/pgf/math/pgfmathfunctions.rando
m.code.tex)
(/usr/local/texlive/2015/texmf-dist/tex/generic/pgf/math/pgfmathfunctions.compa
rison.code.tex)
(/usr/local/texlive/2015/texmf-dist/tex/generic/pgf/math/pgfmathfunctions.base.
code.tex)
(/usr/local/texlive/2015/texmf-dist/tex/generic/pgf/math/pgfmathfunctions.round
.code.tex)
(/usr/local/texlive/2015/texmf-dist/tex/generic/pgf/math/pgfmathfunctions.misc.
code.tex)
(/usr/local/texlive/2015/texmf-dist/tex/generic/pgf/math/pgfmathfunctions.integ
erarithmetics.code.tex)))
(/usr/local/texlive/2015/texmf-dist/tex/generic/pgf/math/pgfmathfloat.code.tex
\c@pgfmathroundto@lastzeros=\count144
))
(/usr/local/texlive/2015/texmf-dist/tex/generic/pgf/basiclayer/pgfcorepoints.co
de.tex
File: pgfcorepoints.code.tex 2013/10/07  (rcs-revision 1.27)
\pgf@picminx=\dimen165
\pgf@picmaxx=\dimen166
\pgf@picminy=\dimen167
\pgf@picmaxy=\dimen168
\pgf@pathminx=\dimen169
\pgf@pathmaxx=\dimen170
\pgf@pathminy=\dimen171
\pgf@pathmaxy=\dimen172
\pgf@xx=\dimen173
\pgf@xy=\dimen174
\pgf@yx=\dimen175
\pgf@yy=\dimen176
\pgf@zx=\dimen177
\pgf@zy=\dimen178
)
(/usr/local/texlive/2015/texmf-dist/tex/generic/pgf/basiclayer/pgfcorepathconst
ruct.code.tex
File: pgfcorepathconstruct.code.tex 2013/10/07  (rcs-revision 1.29)
\pgf@path@lastx=\dimen179
\pgf@path@lasty=\dimen180
)
(/usr/local/texlive/2015/texmf-dist/tex/generic/pgf/basiclayer/pgfcorepathusage
.code.tex
File: pgfcorepathusage.code.tex 2013/12/13  (rcs-revision 1.23)
\pgf@shorten@end@additional=\dimen181
\pgf@shorten@start@additional=\dimen182
)
(/usr/local/texlive/2015/texmf-dist/tex/generic/pgf/basiclayer/pgfcorescopes.co
de.tex
File: pgfcorescopes.code.tex 2013/10/09  (rcs-revision 1.44)
\pgfpic=\box59
\pgf@hbox=\box60
\pgf@layerbox@main=\box61
\pgf@picture@serial@count=\count145
)
(/usr/local/texlive/2015/texmf-dist/tex/generic/pgf/basiclayer/pgfcoregraphicst
ate.code.tex
File: pgfcoregraphicstate.code.tex 2013/09/19  (rcs-revision 1.11)
\pgflinewidth=\dimen183
)
(/usr/local/texlive/2015/texmf-dist/tex/generic/pgf/basiclayer/pgfcoretransform
ations.code.tex
File: pgfcoretransformations.code.tex 2013/10/10  (rcs-revision 1.17)
\pgf@pt@x=\dimen184
\pgf@pt@y=\dimen185
\pgf@pt@temp=\dimen186
)
(/usr/local/texlive/2015/texmf-dist/tex/generic/pgf/basiclayer/pgfcorequick.cod
e.tex
File: pgfcorequick.code.tex 2008/10/09  (rcs-revision 1.3)
)
(/usr/local/texlive/2015/texmf-dist/tex/generic/pgf/basiclayer/pgfcoreobjects.c
ode.tex
File: pgfcoreobjects.code.tex 2006/10/11  (rcs-revision 1.2)
)
(/usr/local/texlive/2015/texmf-dist/tex/generic/pgf/basiclayer/pgfcorepathproce
ssing.code.tex
File: pgfcorepathprocessing.code.tex 2013/09/09  (rcs-revision 1.9)
)
(/usr/local/texlive/2015/texmf-dist/tex/generic/pgf/basiclayer/pgfcorearrows.co
de.tex
File: pgfcorearrows.code.tex 2013/11/07  (rcs-revision 1.40)
\pgfarrowsep=\dimen187
)
(/usr/local/texlive/2015/texmf-dist/tex/generic/pgf/basiclayer/pgfcoreshade.cod
e.tex
File: pgfcoreshade.code.tex 2013/07/15  (rcs-revision 1.15)
\pgf@max=\dimen188
\pgf@sys@shading@range@num=\count146
)
(/usr/local/texlive/2015/texmf-dist/tex/generic/pgf/basiclayer/pgfcoreimage.cod
e.tex
File: pgfcoreimage.code.tex 2013/07/15  (rcs-revision 1.18)

(/usr/local/texlive/2015/texmf-dist/tex/generic/pgf/basiclayer/pgfcoreexternal.
code.tex
File: pgfcoreexternal.code.tex 2013/07/15  (rcs-revision 1.20)
\pgfexternal@startupbox=\box62
))
(/usr/local/texlive/2015/texmf-dist/tex/generic/pgf/basiclayer/pgfcorelayers.co
de.tex
File: pgfcorelayers.code.tex 2013/07/18  (rcs-revision 1.7)
)
(/usr/local/texlive/2015/texmf-dist/tex/generic/pgf/basiclayer/pgfcoretranspare
ncy.code.tex
File: pgfcoretransparency.code.tex 2013/09/30  (rcs-revision 1.5)
)
(/usr/local/texlive/2015/texmf-dist/tex/generic/pgf/basiclayer/pgfcorepatterns.
code.tex
File: pgfcorepatterns.code.tex 2013/11/07  (rcs-revision 1.5)
)))
(/usr/local/texlive/2015/texmf-dist/tex/generic/pgf/modules/pgfmoduleshapes.cod
e.tex
File: pgfmoduleshapes.code.tex 2013/10/31  (rcs-revision 1.34)
\pgfnodeparttextbox=\box63
)
(/usr/local/texlive/2015/texmf-dist/tex/generic/pgf/modules/pgfmoduleplot.code.
tex
File: pgfmoduleplot.code.tex 2013/07/31  (rcs-revision 1.12)
)
(/usr/local/texlive/2015/texmf-dist/tex/latex/pgf/compatibility/pgfcomp-version
-0-65.sty
Package: pgfcomp-version-0-65 2007/07/03 v3.0.0 (rcs-revision 1.7)
\pgf@nodesepstart=\dimen189
\pgf@nodesepend=\dimen190
)
(/usr/local/texlive/2015/texmf-dist/tex/latex/pgf/compatibility/pgfcomp-version
-1-18.sty
Package: pgfcomp-version-1-18 2007/07/23 v3.0.0 (rcs-revision 1.1)
))
(/usr/local/texlive/2015/texmf-dist/tex/latex/pgf/utilities/pgffor.sty
(/usr/local/texlive/2015/texmf-dist/tex/latex/pgf/utilities/pgfkeys.sty
(/usr/local/texlive/2015/texmf-dist/tex/generic/pgf/utilities/pgfkeys.code.tex)
) (/usr/local/texlive/2015/texmf-dist/tex/latex/pgf/math/pgfmath.sty
(/usr/local/texlive/2015/texmf-dist/tex/generic/pgf/math/pgfmath.code.tex))
(/usr/local/texlive/2015/texmf-dist/tex/generic/pgf/utilities/pgffor.code.tex
Package: pgffor 2013/12/13 v3.0.0 (rcs-revision 1.25)

(/usr/local/texlive/2015/texmf-dist/tex/generic/pgf/math/pgfmath.code.tex)
\pgffor@iter=\dimen191
\pgffor@skip=\dimen192
\pgffor@stack=\toks43
\pgffor@toks=\toks44
))
(/usr/local/texlive/2015/texmf-dist/tex/generic/pgf/frontendlayer/tikz/tikz.cod
e.tex
Package: tikz 2013/12/13 v3.0.0 (rcs-revision 1.142)

(/usr/local/texlive/2015/texmf-dist/tex/generic/pgf/libraries/pgflibraryplothan
dlers.code.tex
File: pgflibraryplothandlers.code.tex 2013/08/31 v3.0.0 (rcs-revision 1.20)
\pgf@plot@mark@count=\count147
\pgfplotmarksize=\dimen193
)
\tikz@lastx=\dimen194
\tikz@lasty=\dimen195
\tikz@lastxsaved=\dimen196
\tikz@lastysaved=\dimen197
\tikzleveldistance=\dimen198
\tikzsiblingdistance=\dimen199
\tikz@figbox=\box64
\tikz@figbox@bg=\box65
\tikz@tempbox=\box66
\tikz@tempbox@bg=\box67
\tikztreelevel=\count148
\tikznumberofchildren=\count149
\tikznumberofcurrentchild=\count150
\tikz@fig@count=\count151

(/usr/local/texlive/2015/texmf-dist/tex/generic/pgf/modules/pgfmodulematrix.cod
e.tex
File: pgfmodulematrix.code.tex 2013/09/17  (rcs-revision 1.8)
\pgfmatrixcurrentrow=\count152
\pgfmatrixcurrentcolumn=\count153
\pgf@matrix@numberofcolumns=\count154
)
\tikz@expandcount=\count155

(/usr/local/texlive/2015/texmf-dist/tex/generic/pgf/frontendlayer/tikz/librarie
s/tikzlibrarytopaths.code.tex
File: tikzlibrarytopaths.code.tex 2008/06/17 v3.0.0 (rcs-revision 1.2)
)))
(/usr/local/texlive/2015/texmf-dist/tex/generic/pgf/frontendlayer/tikz/librarie
s/tikzlibrarypositioning.code.tex
File: tikzlibrarypositioning.code.tex 2008/10/06 v3.0.0 (rcs-revision 1.7)
)
(/usr/local/texlive/2015/texmf-dist/tex/latex/tools/calc.sty
Package: calc 2014/10/28 v4.3 Infix arithmetic (KKT,FJ)
\calc@Acount=\count156
\calc@Bcount=\count157
\calc@Adimen=\dimen200
\calc@Bdimen=\dimen201
\calc@Askip=\skip66
\calc@Bskip=\skip67
LaTeX Info: Redefining \setlength on input line 80.
LaTeX Info: Redefining \addtolength on input line 81.
\calc@Ccount=\count158
\calc@Cskip=\skip68
)
\c@@todonotes@numberoftodonotes=\count159
)
(/usr/local/texlive/2015/texmf-dist/tex/latex/listings/lstlang1.sty
File: lstlang1.sty 2014/09/06 1.5e listings language file
)
(/usr/local/texlive/2015/texmf-dist/tex/latex/listings/lstlang1.sty
File: lstlang1.sty 2014/09/06 1.5e listings language file
)
(/usr/local/texlive/2015/texmf-dist/tex/latex/listings/lstmisc.sty
File: lstmisc.sty 2014/09/06 1.5e (Carsten Heinz)
)
(/usr/local/texlive/2015/texmf-dist/tex/latex/caption/caption.sty
Package: caption 2013/05/02 v3.3-89 Customizing captions (AR)

(/usr/local/texlive/2015/texmf-dist/tex/latex/caption/caption3.sty
Package: caption3 2013/05/02 v1.6-88 caption3 kernel (AR)
Package caption3 Info: TeX engine: e-TeX on input line 57.
\captionmargin=\dimen202
\captionmargin@=\dimen203
\captionwidth=\dimen204
\caption@tempdima=\dimen205
\caption@indent=\dimen206
\caption@parindent=\dimen207
\caption@hangindent=\dimen208
)
\c@ContinuedFloat=\count160
Package caption Info: hyperref package is loaded.
Package caption Info: listings package is loaded.
Package caption Info: wrapfig package is loaded.
)
(/usr/local/texlive/2015/texmf-dist/tex/generic/pgf/frontendlayer/tikz/librarie
s/tikzlibrarycalc.code.tex
File: tikzlibrarycalc.code.tex 2013/07/15 v3.0.0 (rcs-revision 1.9)
)
(/usr/local/texlive/2015/texmf-dist/tex/latex/mathtools/mathtools.sty
Package: mathtools 2015/05/11 v1.16 mathematical typesetting tools

(/usr/local/texlive/2015/texmf-dist/tex/latex/mathtools/mhsetup.sty
Package: mhsetup 2010/01/21 v1.2a programming setup (MH)
)
LaTeX Info: Thecontrolsequence`\('isalreadyrobust on input line 129.
LaTeX Info: Thecontrolsequence`\)'isalreadyrobust on input line 129.
LaTeX Info: Thecontrolsequence`\['isalreadyrobust on input line 129.
LaTeX Info: Thecontrolsequence`\]'isalreadyrobust on input line 129.
\g_MT_multlinerow_int=\count161
\l_MT_multwidth_dim=\dimen209
\origjot=\skip69
\l_MT_shortvdotswithinadjustabove_dim=\dimen210
\l_MT_shortvdotswithinadjustbelow_dim=\dimen211
\l_MT_above_intertext_sep=\dimen212
\l_MT_below_intertext_sep=\dimen213
\l_MT_above_shortintertext_sep=\dimen214
\l_MT_below_shortintertext_sep=\dimen215
)
(./project4.aux)
\openout1 = `project4.aux'.

LaTeX Font Info:    Checking defaults for OML/cmm/m/it on input line 57.
LaTeX Font Info:    ... okay on input line 57.
LaTeX Font Info:    Checking defaults for T1/cmr/m/n on input line 57.
LaTeX Font Info:    ... okay on input line 57.
LaTeX Font Info:    Checking defaults for OT1/cmr/m/n on input line 57.
LaTeX Font Info:    ... okay on input line 57.
LaTeX Font Info:    Checking defaults for OMS/cmsy/m/n on input line 57.
LaTeX Font Info:    ... okay on input line 57.
LaTeX Font Info:    Checking defaults for OMX/cmex/m/n on input line 57.
LaTeX Font Info:    ... okay on input line 57.
LaTeX Font Info:    Checking defaults for U/cmr/m/n on input line 57.
LaTeX Font Info:    ... okay on input line 57.
LaTeX Font Info:    Checking defaults for PD1/pdf/m/n on input line 57.
LaTeX Font Info:    ... okay on input line 57.

*geometry* driver: auto-detecting
*geometry* detected driver: pdftex
*geometry* verbose mode - [ preamble ] result:
* driver: pdftex
* paper: <default>
* layout: <same size as paper>
* layoutoffset:(h,v)=(0.0pt,0.0pt)
* modes: 
* h-part:(L,W,R)=(54.2025pt, 505.89pt, 54.2025pt)
* v-part:(T,H,B)=(54.2025pt, 686.56499pt, 54.2025pt)
* \paperwidth=614.295pt
* \paperheight=794.96999pt
* \textwidth=505.89pt
* \textheight=686.56499pt
* \oddsidemargin=-18.06749pt
* \evensidemargin=-18.06749pt
* \topmargin=-55.06749pt
* \headheight=12.0pt
* \headsep=25.0pt
* \topskip=12.0pt
* \footskip=30.0pt
* \marginparwidth=44.0pt
* \marginparsep=10.0pt
* \columnsep=10.0pt
* \skip\footins=10.8pt plus 4.0pt minus 2.0pt
* \hoffset=0.0pt
* \voffset=0.0pt
* \mag=1000
* \@twocolumnfalse
* \@twosidefalse
* \@mparswitchfalse
* \@reversemarginfalse
* (1in=72.27pt=25.4mm, 1cm=28.453pt)

\AtBeginShipoutBox=\box68
Package hyperref Info: Link coloring OFF on input line 57.
(/usr/local/texlive/2015/texmf-dist/tex/latex/hyperref/nameref.sty
Package: nameref 2012/10/27 v2.43 Cross-referencing by name of section

(/usr/local/texlive/2015/texmf-dist/tex/generic/oberdiek/gettitlestring.sty
Package: gettitlestring 2010/12/03 v1.4 Cleanup title references (HO)
)
\c@section@level=\count162
)
LaTeX Info: Redefining \ref on input line 57.
LaTeX Info: Redefining \pageref on input line 57.
LaTeX Info: Redefining \nameref on input line 57.

(./project4.out) (./project4.out)
\@outlinefile=\write4
\openout4 = `project4.out'.


(/usr/local/texlive/2015/texmf-dist/tex/context/base/supp-pdf.mkii
[Loading MPS to PDF converter (version 2006.09.02).]
\scratchcounter=\count163
\scratchdimen=\dimen216
\scratchbox=\box69
\nofMPsegments=\count164
\nofMParguments=\count165
\everyMPshowfont=\toks45
\MPscratchCnt=\count166
\MPscratchDim=\dimen217
\MPnumerator=\count167
\makeMPintoPDFobject=\count168
\everyMPtoPDFconversion=\toks46
) (/usr/local/texlive/2015/texmf-dist/tex/latex/oberdiek/epstopdf-base.sty
Package: epstopdf-base 2010/02/09 v2.5 Base part for package epstopdf

(/usr/local/texlive/2015/texmf-dist/tex/latex/oberdiek/grfext.sty
Package: grfext 2010/08/19 v1.1 Manage graphics extensions (HO)
)
Package grfext Info: Graphics extension search list:
(grfext)             [.png,.pdf,.jpg,.mps,.jpeg,.jbig2,.jb2,.PNG,.PDF,.JPG,.JPE
G,.JBIG2,.JB2,.eps]
(grfext)             \AppendGraphicsExtensions on input line 452.

(/usr/local/texlive/2015/texmf-dist/tex/latex/latexconfig/epstopdf-sys.cfg
File: epstopdf-sys.cfg 2010/07/13 v1.3 Configuration of (r)epstopdf for TeX Liv
e
))
\c@lstlisting=\count169
Package lastpage Info: Please have a look at the pageslts package at
(lastpage)             https://www.ctan.org/pkg/pageslts
(lastpage)             ! on input line 57.

ABD: EveryShipout initializing macros
Package caption Info: Begin \AtBeginDocument code.
Package caption Info: End \AtBeginDocument code.

Underfull \hbox (badness 10000) in paragraph at lines 65--71

 []


Underfull \hbox (badness 10000) in paragraph at lines 65--71

 []


Underfull \hbox (badness 10000) in paragraph at lines 65--71

 []


Package hyperref Warning: Token not allowed in a PDF string (PDFDocEncoding):
(hyperref)                removing `\\' on input line 72.

[1

{/usr/local/texlive/2015/texmf-var/fonts/map/pdftex/updmap/pdftex.map}]
Underfull \hbox (badness 10000) in paragraph at lines 77--78

 []

LaTeX Font Info:    Try loading font information for U+msa on input line 79.
(/usr/local/texlive/2015/texmf-dist/tex/latex/amsfonts/umsa.fd
File: umsa.fd 2013/01/14 v3.01 AMS symbols A
)
LaTeX Font Info:    Try loading font information for U+msb on input line 79.

(/usr/local/texlive/2015/texmf-dist/tex/latex/amsfonts/umsb.fd
File: umsb.fd 2013/01/14 v3.01 AMS symbols B
)
LaTeX Font Info:    Try loading font information for U+rsfs on input line 79.

(/usr/local/texlive/2015/texmf-dist/tex/latex/jknapltx/ursfs.fd
File: ursfs.fd 1998/03/24 rsfs font definition file (jk)
)
Underfull \hbox (badness 10000) in paragraph at lines 79--80

 []


Package caption Warning: The option `hypcap=true' will be ignored for this
(caption)                particular \caption on input line 90.
See the caption package documentation for explanation.


Package hyperref Warning: Token not allowed in a PDF string (PDFDocEncoding):
(hyperref)                removing `math shift' on input line 93.


Package hyperref Warning: Token not allowed in a PDF string (PDFDocEncoding):
(hyperref)                removing `\times' on input line 93.


Package hyperref Warning: Token not allowed in a PDF string (PDFDocEncoding):
(hyperref)                removing `math shift' on input line 93.

[2]

Package caption Warning: The option `hypcap=true' will be ignored for this
(caption)                particular \caption on input line 108.
See the caption package documentation for explanation.

[3]
Underfull \hbox (badness 10000) in paragraph at lines 148--151

 []


Underfull \hbox (badness 10000) in paragraph at lines 148--151

 []


Package Fancyhdr Warning: \fancyfoot's `E' option without twoside option is use
less on input line 151.

[4]
LaTeX Font Info:    Try loading font information for OMS+cmr on input line 152.

 (/usr/local/texlive/2015/texmf-dist/tex/latex/base/omscmr.fd
File: omscmr.fd 2014/09/29 v2.5h Standard LaTeX font definitions
)
LaTeX Font Info:    Font shape `OMS/cmr/m/n' in size <12> not available
(Font)              Font shape `OMS/cmsy/m/n' tried instead on input line 152.


Package caption Warning: The option `hypcap=true' will be ignored for this
(caption)                particular \caption on input line 164.
See the caption package documentation for explanation.


Package caption Warning: The option `hypcap=true' will be ignored for this
(caption)                particular \caption on input line 179.
See the caption package documentation for explanation.


Underfull \hbox (badness 10000) in paragraph at lines 181--183

 []

[5]
Underfull \hbox (badness 10000) in paragraph at lines 191--192

 []

[6]

Package caption Warning: The option `hypcap=true' will be ignored for this
(caption)                particular \caption on input line 236.
See the caption package documentation for explanation.

[7]
LaTeX Font Info:    Try loading font information for T1+cmtt on input line 257.

 (/usr/local/texlive/2015/texmf-dist/tex/latex/base/t1cmtt.fd
File: t1cmtt.fd 2014/09/29 v2.5h Standard LaTeX font definitions
)
Underfull \hbox (badness 10000) in paragraph at lines 255--258

 []


Overfull \hbox (17.55725pt too wide) in paragraph at lines 255--258
\T1/cmr/m/n/12 The ef-fec-tive way of cal-cu-lat-ing these val-ues has been im-
ple-mented in the func-tion \T1/cmtt/m/n/12 metropolisOneCycle
 []


Package hyperref Warning: Token not allowed in a PDF string (PDFDocEncoding):
(hyperref)                removing `math shift' on input line 258.


Package hyperref Warning: Token not allowed in a PDF string (PDFDocEncoding):
(hyperref)                removing `\times' on input line 258.


Package hyperref Warning: Token not allowed in a PDF string (PDFDocEncoding):
(hyperref)                removing `math shift' on input line 258.


Package caption Warning: The option `hypcap=true' will be ignored for this
(caption)                particular \caption on input line 287.
See the caption package documentation for explanation.

[8] [9] [10]

Package caption Warning: The option `hypcap=true' will be ignored for this
(caption)                particular \caption on input line 397.
See the caption package documentation for explanation.

[11]

Package caption Warning: The option `hypcap=true' will be ignored for this
(caption)                particular \caption on input line 438.
See the caption package documentation for explanation.

[12]

Package caption Warning: The option `hypcap=true' will be ignored for this
(caption)                particular \caption on input line 447.
See the caption package documentation for explanation.


Underfull \hbox (badness 10000) in paragraph at lines 450--453

 []


Underfull \hbox (badness 10000) in paragraph at lines 450--453

 []


Underfull \hbox (badness 10000) in paragraph at lines 454--460

 []

[13]

Package Fancyhdr Warning: \fancyfoot's `E' option without twoside option is use
less on input line 462.

[14]
<./build-ising-Desktop_Qt_5_7_0_clang_64bit-MPI/zoom_600000_plot_LikelyState_E_
ordered_temp=1_MC=1000000.pdf, id=288, 578.16pt x 433.62pt>
File: ./build-ising-Desktop_Qt_5_7_0_clang_64bit-MPI/zoom_600000_plot_LikelySta
te_E_ordered_temp=1_MC=1000000.pdf Graphic file (type pdf)

<use ./build-ising-Desktop_Qt_5_7_0_clang_64bit-MPI/zoom_600000_plot_LikelyStat
e_E_ordered_temp=1_MC=1000000.pdf>
Package pdftex.def Info: ./build-ising-Desktop_Qt_5_7_0_clang_64bit-MPI/zoom_60
0000_plot_LikelyState_E_ordered_temp=1_MC=1000000.pdf used on input line 466.
(pdftex.def)             Requested size: 375.79955pt x 281.84966pt.


Package caption Warning: The option `hypcap=true' will be ignored for this
(caption)                particular \caption on input line 467.
See the caption package documentation for explanation.


<./build-ising-Desktop_Qt_5_7_0_clang_64bit-MPI/zoom_600000_plot_LikelyState_|M
|_ordered_temp=1_MC=1000000.pdf, id=289, 578.16pt x 433.62pt>
File: ./build-ising-Desktop_Qt_5_7_0_clang_64bit-MPI/zoom_600000_plot_LikelySta
te_|M|_ordered_temp=1_MC=1000000.pdf Graphic file (type pdf)

<use ./build-ising-Desktop_Qt_5_7_0_clang_64bit-MPI/zoom_600000_plot_LikelyStat
e_|M|_ordered_temp=1_MC=1000000.pdf>
Package pdftex.def Info: ./build-ising-Desktop_Qt_5_7_0_clang_64bit-MPI/zoom_60
0000_plot_LikelyState_|M|_ordered_temp=1_MC=1000000.pdf used on input line 468.

(pdftex.def)             Requested size: 375.79955pt x 281.84966pt.


Package caption Warning: The option `hypcap=true' will be ignored for this
(caption)                particular \caption on input line 469.
See the caption package documentation for explanation.

[15 <./build-ising-Desktop_Qt_5_7_0_clang_64bit-MPI/zoom_600000_plot_LikelyStat
e_E_ordered_temp=1_MC=1000000.pdf> <./build-ising-Desktop_Qt_5_7_0_clang_64bit-
MPI/zoom_600000_plot_LikelyState_|M|_ordered_temp=1_MC=1000000.pdf

pdfTeX warning: /Library/TeX/texbin/pdflatex (file ./build-ising-Desktop_Qt_5_7
_0_clang_64bit-MPI/zoom_600000_plot_LikelyState_|M|_ordered_temp=1_MC=1000000.p
df): PDF inclusion: multiple pdfs with page group included in a single page
>]
Underfull \hbox (badness 10000) in paragraph at lines 471--476

 []


Underfull \hbox (badness 10000) in paragraph at lines 471--476

 []


<./build-ising-Desktop_Qt_5_7_0_clang_64bit-MPI/subplots_zoomx_600000_zoomy_-2-
1.95_plot_LikelyState_E_random_temp=1_MC=1000000.pdf, id=341, 578.16pt x 433.62
pt>
File: ./build-ising-Desktop_Qt_5_7_0_clang_64bit-MPI/subplots_zoomx_600000_zoom
y_-2-1.95_plot_LikelyState_E_random_temp=1_MC=1000000.pdf Graphic file (type pd
f)

<use ./build-ising-Desktop_Qt_5_7_0_clang_64bit-MPI/subplots_zoomx_600000_zoomy
_-2-1.95_plot_LikelyState_E_random_temp=1_MC=1000000.pdf>
Package pdftex.def Info: ./build-ising-Desktop_Qt_5_7_0_clang_64bit-MPI/subplot
s_zoomx_600000_zoomy_-2-1.95_plot_LikelyState_E_random_temp=1_MC=1000000.pdf us
ed on input line 477.
(pdftex.def)             Requested size: 375.79955pt x 281.84966pt.


Package caption Warning: The option `hypcap=true' will be ignored for this
(caption)                particular \caption on input line 478.
See the caption package documentation for explanation.


<./build-ising-Desktop_Qt_5_7_0_clang_64bit-MPI/subplots_zoomx_600000_zoomy_.97
+1_plot_LikelyState_|M|_random_temp=1_MC=1000000.pdf, id=342, 578.16pt x 433.62
pt>
File: ./build-ising-Desktop_Qt_5_7_0_clang_64bit-MPI/subplots_zoomx_600000_zoom
y_.97+1_plot_LikelyState_|M|_random_temp=1_MC=1000000.pdf Graphic file (type pd
f)

<use ./build-ising-Desktop_Qt_5_7_0_clang_64bit-MPI/subplots_zoomx_600000_zoomy
_.97+1_plot_LikelyState_|M|_random_temp=1_MC=1000000.pdf>
Package pdftex.def Info: ./build-ising-Desktop_Qt_5_7_0_clang_64bit-MPI/subplot
s_zoomx_600000_zoomy_.97+1_plot_LikelyState_|M|_random_temp=1_MC=1000000.pdf us
ed on input line 479.
(pdftex.def)             Requested size: 375.79955pt x 281.84966pt.


Package caption Warning: The option `hypcap=true' will be ignored for this
(caption)                particular \caption on input line 480.
See the caption package documentation for explanation.

[16 <./build-ising-Desktop_Qt_5_7_0_clang_64bit-MPI/subplots_zoomx_600000_zoomy
_-2-1.95_plot_LikelyState_E_random_temp=1_MC=1000000.pdf>]
<./build-ising-Desktop_Qt_5_7_0_clang_64bit-MPI/zoom_800000_plot_LikelyState_ac
cepted_ordered_temp=1_MC=1000000.pdf, id=368, 578.16pt x 433.62pt>
File: ./build-ising-Desktop_Qt_5_7_0_clang_64bit-MPI/zoom_800000_plot_LikelySta
te_accepted_ordered_temp=1_MC=1000000.pdf Graphic file (type pdf)

<use ./build-ising-Desktop_Qt_5_7_0_clang_64bit-MPI/zoom_800000_plot_LikelyStat
e_accepted_ordered_temp=1_MC=1000000.pdf>
Package pdftex.def Info: ./build-ising-Desktop_Qt_5_7_0_clang_64bit-MPI/zoom_80
0000_plot_LikelyState_accepted_ordered_temp=1_MC=1000000.pdf used on input line
 483.
(pdftex.def)             Requested size: 289.07928pt x 216.80946pt.

<./build-ising-Desktop_Qt_5_7_0_clang_64bit-MPI/xzoom_800000_yzoom007+0105_plot
_LikelyState_accepted_random_temp=1_MC=1000000.pdf, id=369, 578.16pt x 433.62pt
>
File: ./build-ising-Desktop_Qt_5_7_0_clang_64bit-MPI/xzoom_800000_yzoom007+0105
_plot_LikelyState_accepted_random_temp=1_MC=1000000.pdf Graphic file (type pdf)


<use ./build-ising-Desktop_Qt_5_7_0_clang_64bit-MPI/xzoom_800000_yzoom007+0105_
plot_LikelyState_accepted_random_temp=1_MC=1000000.pdf>
Package pdftex.def Info: ./build-ising-Desktop_Qt_5_7_0_clang_64bit-MPI/xzoom_8
00000_yzoom007+0105_plot_LikelyState_accepted_random_temp=1_MC=1000000.pdf used
 on input line 484.
(pdftex.def)             Requested size: 283.30087pt x 212.47566pt.


Package caption Warning: \captionsetup{type*=...} or \captionof
(caption)                outside box or environment on input line 485.
See the caption package documentation for explanation.


Package caption Warning: The option `hypcap=true' will be ignored for this
(caption)                particular \caption on input line 485.
See the caption package documentation for explanation.


Overfull \hbox (69.10065pt too wide) in paragraph at lines 482--485
[] [] 
 []

[17 <./build-ising-Desktop_Qt_5_7_0_clang_64bit-MPI/subplots_zoomx_600000_zoomy
_.97+1_plot_LikelyState_|M|_random_temp=1_MC=1000000.pdf> <./build-ising-Deskto
p_Qt_5_7_0_clang_64bit-MPI/zoom_800000_plot_LikelyState_accepted_ordered_temp=1
_MC=1000000.pdf

pdfTeX warning: /Library/TeX/texbin/pdflatex (file ./build-ising-Desktop_Qt_5_7
_0_clang_64bit-MPI/zoom_800000_plot_LikelyState_accepted_ordered_temp=1_MC=1000
000.pdf): PDF inclusion: multiple pdfs with page group included in a single pag
e
> <./build-ising-Desktop_Qt_5_7_0_clang_64bit-MPI/xzoom_800000_yzoom007+0105_pl
ot_LikelyState_accepted_random_temp=1_MC=1000000.pdf

pdfTeX warning: /Library/TeX/texbin/pdflatex (file ./build-ising-Desktop_Qt_5_7
_0_clang_64bit-MPI/xzoom_800000_yzoom007+0105_plot_LikelyState_accepted_random_
temp=1_MC=1000000.pdf): PDF inclusion: multiple pdfs with page group included i
n a single page
>]
<./build-ising-Desktop_Qt_5_7_0_clang_64bit-MPI/zoomx_0_zoomy_-1.25-1.23_plot_L
ikelyState_E_ordered_temp=2.4_MC=10000000.pdf, id=424, 578.16pt x 433.62pt>
File: ./build-ising-Desktop_Qt_5_7_0_clang_64bit-MPI/zoomx_0_zoomy_-1.25-1.23_p
lot_LikelyState_E_ordered_temp=2.4_MC=10000000.pdf Graphic file (type pdf)

<use ./build-ising-Desktop_Qt_5_7_0_clang_64bit-MPI/zoomx_0_zoomy_-1.25-1.23_pl
ot_LikelyState_E_ordered_temp=2.4_MC=10000000.pdf>
Package pdftex.def Info: ./build-ising-Desktop_Qt_5_7_0_clang_64bit-MPI/zoomx_0
_zoomy_-1.25-1.23_plot_LikelyState_E_ordered_temp=2.4_MC=10000000.pdf used on i
nput line 491.
(pdftex.def)             Requested size: 289.07928pt x 216.80946pt.

<./build-ising-Desktop_Qt_5_7_0_clang_64bit-MPI/zoomx_0_zoomy_.45+.5_plot_Likel
yState_|M|_ordered_temp=2.4_MC=10000000.pdf, id=425, 578.16pt x 433.62pt>
File: ./build-ising-Desktop_Qt_5_7_0_clang_64bit-MPI/zoomx_0_zoomy_.45+.5_plot_
LikelyState_|M|_ordered_temp=2.4_MC=10000000.pdf Graphic file (type pdf)

<use ./build-ising-Desktop_Qt_5_7_0_clang_64bit-MPI/zoomx_0_zoomy_.45+.5_plot_L
ikelyState_|M|_ordered_temp=2.4_MC=10000000.pdf>
Package pdftex.def Info: ./build-ising-Desktop_Qt_5_7_0_clang_64bit-MPI/zoomx_0
_zoomy_.45+.5_plot_LikelyState_|M|_ordered_temp=2.4_MC=10000000.pdf used on inp
ut line 492.
(pdftex.def)             Requested size: 289.07928pt x 216.80946pt.


Package caption Warning: The option `hypcap=true' will be ignored for this
(caption)                particular \caption on input line 493.
See the caption package documentation for explanation.


Underfull \hbox (badness 10000) in paragraph at lines 489--493

 []


Overfull \hbox (74.87906pt too wide) in paragraph at lines 489--493
[] [] 
 []


<./build-ising-Desktop_Qt_5_7_0_clang_64bit-MPI/zoomx_0_zoomy_-1.25-1.23_plot_L
ikelyState_E_random_temp=2.4_MC=10000000.pdf, id=428, 578.16pt x 433.62pt>
File: ./build-ising-Desktop_Qt_5_7_0_clang_64bit-MPI/zoomx_0_zoomy_-1.25-1.23_p
lot_LikelyState_E_random_temp=2.4_MC=10000000.pdf Graphic file (type pdf)

<use ./build-ising-Desktop_Qt_5_7_0_clang_64bit-MPI/zoomx_0_zoomy_-1.25-1.23_pl
ot_LikelyState_E_random_temp=2.4_MC=10000000.pdf>
Package pdftex.def Info: ./build-ising-Desktop_Qt_5_7_0_clang_64bit-MPI/zoomx_0
_zoomy_-1.25-1.23_plot_LikelyState_E_random_temp=2.4_MC=10000000.pdf used on in
put line 497.
(pdftex.def)             Requested size: 289.07928pt x 216.80946pt.

<./build-ising-Desktop_Qt_5_7_0_clang_64bit-MPI/zoomx_0_zoomy_.425+.475_plot_Li
kelyState_|M|_random_temp=2.4_MC=10000000.pdf, id=429, 578.16pt x 433.62pt>
File: ./build-ising-Desktop_Qt_5_7_0_clang_64bit-MPI/zoomx_0_zoomy_.425+.475_pl
ot_LikelyState_|M|_random_temp=2.4_MC=10000000.pdf Graphic file (type pdf)

<use ./build-ising-Desktop_Qt_5_7_0_clang_64bit-MPI/zoomx_0_zoomy_.425+.475_plo
t_LikelyState_|M|_random_temp=2.4_MC=10000000.pdf>
Package pdftex.def Info: ./build-ising-Desktop_Qt_5_7_0_clang_64bit-MPI/zoomx_0
_zoomy_.425+.475_plot_LikelyState_|M|_random_temp=2.4_MC=10000000.pdf used on i
nput line 498.
(pdftex.def)             Requested size: 289.07928pt x 216.80946pt.


Package caption Warning: The option `hypcap=true' will be ignored for this
(caption)                particular \caption on input line 499.
See the caption package documentation for explanation.


Overfull \hbox (74.87906pt too wide) in paragraph at lines 493--499
[] [] 
 []

[18 <./build-ising-Desktop_Qt_5_7_0_clang_64bit-MPI/zoomx_0_zoomy_-1.25-1.23_pl
ot_LikelyState_E_ordered_temp=2.4_MC=10000000.pdf> <./build-ising-Desktop_Qt_5_
7_0_clang_64bit-MPI/zoomx_0_zoomy_.45+.5_plot_LikelyState_|M|_ordered_temp=2.4_
MC=10000000.pdf

pdfTeX warning: /Library/TeX/texbin/pdflatex (file ./build-ising-Desktop_Qt_5_7
_0_clang_64bit-MPI/zoomx_0_zoomy_.45+.5_plot_LikelyState_|M|_ordered_temp=2.4_M
C=10000000.pdf): PDF inclusion: multiple pdfs with page group included in a sin
gle page
>]
<./build-ising-Desktop_Qt_5_7_0_clang_64bit-MPI/zoomy_26+27_plot_LikelyState_ac
cepted_ordered_temp=2.4_MC=10000000.pdf, id=477, 578.16pt x 433.62pt>
File: ./build-ising-Desktop_Qt_5_7_0_clang_64bit-MPI/zoomy_26+27_plot_LikelySta
te_accepted_ordered_temp=2.4_MC=10000000.pdf Graphic file (type pdf)

<use ./build-ising-Desktop_Qt_5_7_0_clang_64bit-MPI/zoomy_26+27_plot_LikelyStat
e_accepted_ordered_temp=2.4_MC=10000000.pdf>
Package pdftex.def Info: ./build-ising-Desktop_Qt_5_7_0_clang_64bit-MPI/zoomy_2
6+27_plot_LikelyState_accepted_ordered_temp=2.4_MC=10000000.pdf used on input l
ine 501.
(pdftex.def)             Requested size: 260.16959pt x 195.1272pt.

<./build-ising-Desktop_Qt_5_7_0_clang_64bit-MPI/zoomy_26+27_plot_LikelyState_ac
cepted_random_temp=2.4_MC=10000000.pdf, id=478, 578.16pt x 433.62pt>
File: ./build-ising-Desktop_Qt_5_7_0_clang_64bit-MPI/zoomy_26+27_plot_LikelySta
te_accepted_random_temp=2.4_MC=10000000.pdf Graphic file (type pdf)

<use ./build-ising-Desktop_Qt_5_7_0_clang_64bit-MPI/zoomy_26+27_plot_LikelyStat
e_accepted_random_temp=2.4_MC=10000000.pdf>
Package pdftex.def Info: ./build-ising-Desktop_Qt_5_7_0_clang_64bit-MPI/zoomy_2
6+27_plot_LikelyState_accepted_random_temp=2.4_MC=10000000.pdf used on input li
ne 502.
(pdftex.def)             Requested size: 260.16959pt x 195.1272pt.


Package caption Warning: The option `hypcap=true' will be ignored for this
(caption)                particular \caption on input line 503.
See the caption package documentation for explanation.


Underfull \hbox (badness 10000) in paragraph at lines 500--503

 []


Underfull \hbox (badness 10000) in paragraph at lines 500--503

 []


Overfull \hbox (17.05966pt too wide) in paragraph at lines 500--503
[] [] 
 []

[19 <./build-ising-Desktop_Qt_5_7_0_clang_64bit-MPI/zoomx_0_zoomy_-1.25-1.23_pl
ot_LikelyState_E_random_temp=2.4_MC=10000000.pdf> <./build-ising-Desktop_Qt_5_7
_0_clang_64bit-MPI/zoomx_0_zoomy_.425+.475_plot_LikelyState_|M|_random_temp=2.4
_MC=10000000.pdf

pdfTeX warning: /Library/TeX/texbin/pdflatex (file ./build-ising-Desktop_Qt_5_7
_0_clang_64bit-MPI/zoomx_0_zoomy_.425+.475_plot_LikelyState_|M|_random_temp=2.4
_MC=10000000.pdf): PDF inclusion: multiple pdfs with page group included in a s
ingle page
>]

Package caption Warning: The option `hypcap=true' will be ignored for this
(caption)                particular \caption on input line 504.
See the caption package documentation for explanation.


Underfull \hbox (badness 10000) in paragraph at lines 505--510

 []


Underfull \hbox (badness 10000) in paragraph at lines 505--510

 []


Underfull \hbox (badness 10000) in paragraph at lines 505--510

 []


Underfull \hbox (badness 10000) in paragraph at lines 505--510

 []

[20 <./build-ising-Desktop_Qt_5_7_0_clang_64bit-MPI/zoomy_26+27_plot_LikelyStat
e_accepted_ordered_temp=2.4_MC=10000000.pdf> <./build-ising-Desktop_Qt_5_7_0_cl
ang_64bit-MPI/zoomy_26+27_plot_LikelyState_accepted_random_temp=2.4_MC=10000000
.pdf

pdfTeX warning: /Library/TeX/texbin/pdflatex (file ./build-ising-Desktop_Qt_5_7
_0_clang_64bit-MPI/zoomy_26+27_plot_LikelyState_accepted_random_temp=2.4_MC=100
00000.pdf): PDF inclusion: multiple pdfs with page group included in a single p
age
>]
Underfull \hbox (badness 10000) in paragraph at lines 516--519

 []


<./build-ising-Desktop_Qt_5_7_0_clang_64bit-MPI/lzoom_-2-1.9_plot_searchEnergie
s_temp=1.000000_ordered.pdf, id=569, 578.16pt x 433.62pt>
File: ./build-ising-Desktop_Qt_5_7_0_clang_64bit-MPI/lzoom_-2-1.9_plot_searchEn
ergies_temp=1.000000_ordered.pdf Graphic file (type pdf)

<use ./build-ising-Desktop_Qt_5_7_0_clang_64bit-MPI/lzoom_-2-1.9_plot_searchEne
rgies_temp=1.000000_ordered.pdf>
Package pdftex.def Info: ./build-ising-Desktop_Qt_5_7_0_clang_64bit-MPI/lzoom_-
2-1.9_plot_searchEnergies_temp=1.000000_ordered.pdf used on input line 520.
(pdftex.def)             Requested size: 375.79955pt x 281.84966pt.


Package caption Warning: The option `hypcap=true' will be ignored for this
(caption)                particular \caption on input line 521.
See the caption package documentation for explanation.

[21 <./build-ising-Desktop_Qt_5_7_0_clang_64bit-MPI/lzoom_-2-1.9_plot_searchEne
rgies_temp=1.000000_ordered.pdf>]
<./build-ising-Desktop_Qt_5_7_0_clang_64bit-MPI/zoom_-2-1.9_plot_searchEnergies
_temp=2.400000_ordered.pdf, id=596, 578.16pt x 433.62pt>
File: ./build-ising-Desktop_Qt_5_7_0_clang_64bit-MPI/zoom_-2-1.9_plot_searchEne
rgies_temp=2.400000_ordered.pdf Graphic file (type pdf)

<use ./build-ising-Desktop_Qt_5_7_0_clang_64bit-MPI/zoom_-2-1.9_plot_searchEner
gies_temp=2.400000_ordered.pdf>
Package pdftex.def Info: ./build-ising-Desktop_Qt_5_7_0_clang_64bit-MPI/zoom_-2
-1.9_plot_searchEnergies_temp=2.400000_ordered.pdf used on input line 526.
(pdftex.def)             Requested size: 346.89867pt x 260.17401pt.


Package caption Warning: The option `hypcap=true' will be ignored for this
(caption)                particular \caption on input line 527.
See the caption package documentation for explanation.


Underfull \hbox (badness 10000) in paragraph at lines 529--532
\T1/cmr/m/n/12 The stan-dard de-vi-a-tion $\OML/cmm/m/it/12 ^^[[]$ \T1/cmr/m/n/
12 is found in the gen-er-ated file
 []


Underfull \hbox (badness 1215) in paragraph at lines 529--532
\T1/cmtt/m/n/12 searchEnergies_temp=2.400000_ordered.dat \T1/cmr/m/n/12 from th
e func-tion call \T1/cmtt/m/n/12 probableEnergy() \T1/cmr/m/n/12 in
 []

Package hyperref Info: bookmark level for unknown lstlisting defaults to 0 on i
nput line 532.

(./build-ising-Desktop_Qt_5_7_0_clang_64bit-MPI/searchEnergies_temp=2.400000_or
dered.dat)
(./build-ising-Desktop_Qt_5_7_0_clang_64bit-MPI/searchEnergies_temp=1.000000_or
dered.dat)
Underfull \hbox (badness 10000) in paragraph at lines 535--536

 []

[22 <./build-ising-Desktop_Qt_5_7_0_clang_64bit-MPI/zoom_-2-1.9_plot_searchEner
gies_temp=2.400000_ordered.pdf>]
Underfull \hbox (badness 10000) in paragraph at lines 544--547

 []


Underfull \hbox (badness 10000) in paragraph at lines 548--553

 []

[23] (./build-ising-Desktop_Qt_5_7_0_clang_64bit-MPI/takeTimeSerial_L=40.dat)
(./build-ising-Desktop_Qt_5_7_0_clang_64bit-MPI/takeTimeSerial_L=60.dat)
(./build-ising-Desktop_Qt_5_7_0_clang_64bit-MPI/takeTimeSerial_L=140.dat)

Package caption Warning: The option `hypcap=true' will be ignored for this
(caption)                particular \caption on input line 556.
See the caption package documentation for explanation.

(./build-ising-Desktop_Qt_5_7_0_clang_64bit-MPI/takeTimeMPI_L=40.dat)
(./build-ising-Desktop_Qt_5_7_0_clang_64bit-MPI/takeTimeMPI_L=60.dat)
(./build-ising-Desktop_Qt_5_7_0_clang_64bit-MPI/takeTimeMPI_L=140.dat)

Package caption Warning: The option `hypcap=true' will be ignored for this
(caption)                particular \caption on input line 561.
See the caption package documentation for explanation.


<./build-ising-Desktop_Qt_5_7_0_clang_64bit-MPI/1plot_readPhase0.pdf, id=630, 5
78.16pt x 433.62pt>
File: ./build-ising-Desktop_Qt_5_7_0_clang_64bit-MPI/1plot_readPhase0.pdf Graph
ic file (type pdf)

<use ./build-ising-Desktop_Qt_5_7_0_clang_64bit-MPI/1plot_readPhase0.pdf>
Package pdftex.def Info: ./build-ising-Desktop_Qt_5_7_0_clang_64bit-MPI/1plot_r
eadPhase0.pdf used on input line 565.
(pdftex.def)             Requested size: 289.07928pt x 216.80946pt.

<./build-ising-Desktop_Qt_5_7_0_clang_64bit-MPI/1plot_readPhase2.pdf, id=631, 5
78.16pt x 433.62pt>
File: ./build-ising-Desktop_Qt_5_7_0_clang_64bit-MPI/1plot_readPhase2.pdf Graph
ic file (type pdf)

<use ./build-ising-Desktop_Qt_5_7_0_clang_64bit-MPI/1plot_readPhase2.pdf>
Package pdftex.def Info: ./build-ising-Desktop_Qt_5_7_0_clang_64bit-MPI/1plot_r
eadPhase2.pdf used on input line 566.
(pdftex.def)             Requested size: 289.07928pt x 216.80946pt.


Package caption Warning: The option `hypcap=true' will be ignored for this
(caption)                particular \caption on input line 567.
See the caption package documentation for explanation.


Overfull \hbox (74.87906pt too wide) in paragraph at lines 564--567
[] [] 
 []

[24]
<./build-ising-Desktop_Qt_5_7_0_clang_64bit-MPI/1plot_readPhase1.pdf, id=682, 5
78.16pt x 433.62pt>
File: ./build-ising-Desktop_Qt_5_7_0_clang_64bit-MPI/1plot_readPhase1.pdf Graph
ic file (type pdf)

<use ./build-ising-Desktop_Qt_5_7_0_clang_64bit-MPI/1plot_readPhase1.pdf>
Package pdftex.def Info: ./build-ising-Desktop_Qt_5_7_0_clang_64bit-MPI/1plot_r
eadPhase1.pdf used on input line 568.
(pdftex.def)             Requested size: 289.07928pt x 216.80946pt.

<./build-ising-Desktop_Qt_5_7_0_clang_64bit-MPI/1plot_readPhase3.pdf, id=683, 5
78.16pt x 433.62pt>
File: ./build-ising-Desktop_Qt_5_7_0_clang_64bit-MPI/1plot_readPhase3.pdf Graph
ic file (type pdf)

<use ./build-ising-Desktop_Qt_5_7_0_clang_64bit-MPI/1plot_readPhase3.pdf>
Package pdftex.def Info: ./build-ising-Desktop_Qt_5_7_0_clang_64bit-MPI/1plot_r
eadPhase3.pdf used on input line 569.
(pdftex.def)             Requested size: 289.07928pt x 216.80946pt.


Package caption Warning: The option `hypcap=true' will be ignored for this
(caption)                particular \caption on input line 570.
See the caption package documentation for explanation.


Overfull \hbox (74.87906pt too wide) in paragraph at lines 568--570
[][] [] 
 []

[25 <./build-ising-Desktop_Qt_5_7_0_clang_64bit-MPI/1plot_readPhase0.pdf> <./bu
ild-ising-Desktop_Qt_5_7_0_clang_64bit-MPI/1plot_readPhase2.pdf

pdfTeX warning: /Library/TeX/texbin/pdflatex (file ./build-ising-Desktop_Qt_5_7
_0_clang_64bit-MPI/1plot_readPhase2.pdf): PDF inclusion: multiple pdfs with pag
e group included in a single page
> <./build-ising-Desktop_Qt_5_7_0_clang_64bit-MPI/1plot_readPhase1.pdf

pdfTeX warning: /Library/TeX/texbin/pdflatex (file ./build-ising-Desktop_Qt_5_7
_0_clang_64bit-MPI/1plot_readPhase1.pdf): PDF inclusion: multiple pdfs with pag
e group included in a single page
> <./build-ising-Desktop_Qt_5_7_0_clang_64bit-MPI/1plot_readPhase3.pdf

pdfTeX warning: /Library/TeX/texbin/pdflatex (file ./build-ising-Desktop_Qt_5_7
_0_clang_64bit-MPI/1plot_readPhase3.pdf): PDF inclusion: multiple pdfs with pag
e group included in a single page
>]
Underfull \hbox (badness 10000) in paragraph at lines 576--580

 []


<./build-ising-Desktop_Qt_5_7_0_clang_64bit-MPI/all_plot_new_criticalTemp_Tstar
t=2.1_Tend=2.5_140.pdf, id=764, 578.16pt x 433.62pt>
File: ./build-ising-Desktop_Qt_5_7_0_clang_64bit-MPI/all_plot_new_criticalTemp_
Tstart=2.1_Tend=2.5_140.pdf Graphic file (type pdf)

<use ./build-ising-Desktop_Qt_5_7_0_clang_64bit-MPI/all_plot_new_criticalTemp_T
start=2.1_Tend=2.5_140.pdf>
Package pdftex.def Info: ./build-ising-Desktop_Qt_5_7_0_clang_64bit-MPI/all_plo
t_new_criticalTemp_Tstart=2.1_Tend=2.5_140.pdf used on input line 598.
(pdftex.def)             Requested size: 433.61893pt x 325.2142pt.


Package caption Warning: The option `hypcap=true' will be ignored for this
(caption)                particular \caption on input line 599.
See the caption package documentation for explanation.

[26]

Package caption Warning: The option `hypcap=true' will be ignored for this
(caption)                particular \caption on input line 610.
See the caption package documentation for explanation.


Package caption Warning: The option `hypcap=true' will be ignored for this
(caption)                particular \caption on input line 620.
See the caption package documentation for explanation.

[27 <./build-ising-Desktop_Qt_5_7_0_clang_64bit-MPI/all_plot_new_criticalTemp_T
start=2.1_Tend=2.5_140.pdf>]

Package caption Warning: The option `hypcap=true' will be ignored for this
(caption)                particular \caption on input line 637.
See the caption package documentation for explanation.


Underfull \hbox (badness 10000) in paragraph at lines 638--641

 []

(./project4.bbl
Underfull \hbox (badness 10000) in paragraph at lines 642--1

 []


Underfull \hbox (badness 10000) in paragraph at lines 642--1

 []

[28]
Underfull \hbox (badness 3407) in paragraph at lines 4--6
[]\T1/cmr/m/n/12 Classes of ma-gen-tic ma-te-ri-als.  []$\T1/cmtt/m/n/12 http :
 / / www . irm . umn . edu / hg2m / hg2m _ b / hg2m _ b . html #
 []

) [29]

Package caption Warning: The option `hypcap=true' will be ignored for this
(caption)                particular \caption on input line 658.
See the caption package documentation for explanation.


Package caption Warning: The option `hypcap=true' will be ignored for this
(caption)                particular \caption on input line 666.
See the caption package documentation for explanation.


Package caption Warning: The option `hypcap=true' will be ignored for this
(caption)                particular \caption on input line 675.
See the caption package documentation for explanation.


Package caption Warning: The option `hypcap=true' will be ignored for this
(caption)                particular \caption on input line 684.
See the caption package documentation for explanation.


Package caption Warning: The option `hypcap=true' will be ignored for this
(caption)                particular \caption on input line 693.
See the caption package documentation for explanation.

[30] 
AED: lastpage setting LastPage
[31]
Package atveryend Info: Empty hook `BeforeClearDocument' on input line 740.
Package atveryend Info: Empty hook `AfterLastShipout' on input line 740.
 (./project4.aux)
Package atveryend Info: Executing hook `AtVeryEndDocument' on input line 740.
Package atveryend Info: Executing hook `AtEndAfterFileList' on input line 740.
Package rerunfilecheck Info: File `project4.out' has not changed.
(rerunfilecheck)             Checksum: B16ED0F91C50C21AA7F93B3DBEF39FB5;2292.
Package atveryend Info: Empty hook `AtVeryVeryEnd' on input line 740.
 ) 
Here is how much of TeX's memory you used:
 21654 strings out of 493089
 393391 string characters out of 6134842
 618291 words of memory out of 5000000
 24489 multiletter control sequences out of 15000+600000
 27340 words of font info for 83 fonts, out of 8000000 for 9000
 1141 hyphenation exceptions out of 8191
 62i,17n,97p,4113b,1806s stack positions out of 5000i,500n,10000p,200000b,80000s
{/usr/local/texlive/2015/texmf-dist/fonts/enc/dvips/cm-super/cm-super-t1.enc}
</usr/local/texlive/2015/texmf-dist/fonts/type1/public/amsfonts/cm/cmbx12.pfb><
/usr/local/texlive/2015/texmf-dist/fonts/type1/public/amsfonts/cm/cmex10.pfb></
usr/local/texlive/2015/texmf-dist/fonts/type1/public/amsfonts/cm/cmmi10.pfb></u
sr/local/texlive/2015/texmf-dist/fonts/type1/public/amsfonts/cm/cmmi12.pfb></us
r/local/texlive/2015/texmf-dist/fonts/type1/public/amsfonts/cm/cmmi6.pfb></usr/
local/texlive/2015/texmf-dist/fonts/type1/public/amsfonts/cm/cmmi8.pfb></usr/lo
cal/texlive/2015/texmf-dist/fonts/type1/public/amsfonts/cm/cmmi9.pfb></usr/loca
l/texlive/2015/texmf-dist/fonts/type1/public/amsfonts/cm/cmr10.pfb></usr/local/
texlive/2015/texmf-dist/fonts/type1/public/amsfonts/cm/cmr12.pfb></usr/local/te
xlive/2015/texmf-dist/fonts/type1/public/amsfonts/cm/cmr5.pfb></usr/local/texli
ve/2015/texmf-dist/fonts/type1/public/amsfonts/cm/cmr6.pfb></usr/local/texlive/
2015/texmf-dist/fonts/type1/public/amsfonts/cm/cmr8.pfb></usr/local/texlive/201
5/texmf-dist/fonts/type1/public/amsfonts/cm/cmsy10.pfb></usr/local/texlive/2015
/texmf-dist/fonts/type1/public/amsfonts/cm/cmsy6.pfb></usr/local/texlive/2015/t
exmf-dist/fonts/type1/public/amsfonts/cm/cmsy7.pfb></usr/local/texlive/2015/tex
mf-dist/fonts/type1/public/amsfonts/cm/cmsy8.pfb></usr/local/texlive/2015/texmf
-dist/fonts/type1/public/rsfs/rsfs10.pfb></usr/local/texlive/2015/texmf-dist/fo
nts/type1/public/rsfs/rsfs7.pfb></usr/local/texlive/2015/texmf-dist/fonts/type1
/public/cm-super/sfbx1095.pfb></usr/local/texlive/2015/texmf-dist/fonts/type1/p
ublic/cm-super/sfbx1200.pfb></usr/local/texlive/2015/texmf-dist/fonts/type1/pub
lic/cm-super/sfbx1440.pfb></usr/local/texlive/2015/texmf-dist/fonts/type1/publi
c/cm-super/sfbx1728.pfb></usr/local/texlive/2015/texmf-dist/fonts/type1/public/
cm-super/sfrm0800.pfb></usr/local/texlive/2015/texmf-dist/fonts/type1/public/cm
-super/sfrm1000.pfb></usr/local/texlive/2015/texmf-dist/fonts/type1/public/cm-s
uper/sfrm1095.pfb></usr/local/texlive/2015/texmf-dist/fonts/type1/public/cm-sup
er/sfrm1200.pfb></usr/local/texlive/2015/texmf-dist/fonts/type1/public/cm-super
/sfti1095.pfb></usr/local/texlive/2015/texmf-dist/fonts/type1/public/cm-super/s
fti1200.pfb></usr/local/texlive/2015/texmf-dist/fonts/type1/public/cm-super/sft
t1095.pfb></usr/local/texlive/2015/texmf-dist/fonts/type1/public/cm-super/sftt1
200.pfb></usr/local/texlive/2015/texmf-dist/fonts/type1/urw/ncntrsbk/uncr8a.pfb
>
Output written on project4.pdf (31 pages, 1232646 bytes).
PDF statistics:
 1004 PDF objects out of 1200 (max. 8388607)
 904 compressed objects within 10 object streams
 183 named destinations out of 1000 (max. 500000)
 340 words of extra memory for PDF output out of 10000 (max. 10000000)

